[2022-08-05 16:38:19] testing.ERROR: View [welcome] not found. {"exception":"[object] (InvalidArgumentException(code: 0): View [welcome] not found. at C:\\Users\\Fabio\\Documents\\Projetos\\DevStart_paylivre\\a_projetos-final\\beacademy-devstart-crud_tax_br\\beacademy-devstart-crud_tax_br\\vendor\\laravel\\framework\\src\\Illuminate\\View\\FileViewFinder.php:137)
[stacktrace]
#0 C:\\Users\\Fabio\\Documents\\Projetos\\DevStart_paylivre\\a_projetos-final\\beacademy-devstart-crud_tax_br\\beacademy-devstart-crud_tax_br\\vendor\\laravel\\framework\\src\\Illuminate\\View\\FileViewFinder.php(79): Illuminate\\View\\FileViewFinder->findInPaths()
#1 C:\\Users\\Fabio\\Documents\\Projetos\\DevStart_paylivre\\a_projetos-final\\beacademy-devstart-crud_tax_br\\beacademy-devstart-crud_tax_br\\vendor\\laravel\\framework\\src\\Illuminate\\View\\Factory.php(137): Illuminate\\View\\FileViewFinder->find()
#2 C:\\Users\\Fabio\\Documents\\Projetos\\DevStart_paylivre\\a_projetos-final\\beacademy-devstart-crud_tax_br\\beacademy-devstart-crud_tax_br\\vendor\\laravel\\framework\\src\\Illuminate\\Foundation\\helpers.php(969): Illuminate\\View\\Factory->make()
#3 laravel-serializable-closure://function () {
    return \\view('welcome');
}(3): view()
#4 C:\\Users\\Fabio\\Documents\\Projetos\\DevStart_paylivre\\a_projetos-final\\beacademy-devstart-crud_tax_br\\beacademy-devstart-crud_tax_br\\vendor\\laravel\\framework\\src\\Illuminate\\Routing\\Route.php(237): Illuminate\\Routing\\RouteFileRegistrar::{closure}()
#5 C:\\Users\\Fabio\\Documents\\Projetos\\DevStart_paylivre\\a_projetos-final\\beacademy-devstart-crud_tax_br\\beacademy-devstart-crud_tax_br\\vendor\\laravel\\framework\\src\\Illuminate\\Routing\\Route.php(207): Illuminate\\Routing\\Route->runCallable()
#6 C:\\Users\\Fabio\\Documents\\Projetos\\DevStart_paylivre\\a_projetos-final\\beacademy-devstart-crud_tax_br\\beacademy-devstart-crud_tax_br\\vendor\\laravel\\framework\\src\\Illuminate\\Routing\\Router.php(725): Illuminate\\Routing\\Route->run()
#7 C:\\Users\\Fabio\\Documents\\Projetos\\DevStart_paylivre\\a_projetos-final\\beacademy-devstart-crud_tax_br\\beacademy-devstart-crud_tax_br\\vendor\\laravel\\framework\\src\\Illuminate\\Pipeline\\Pipeline.php(141): Illuminate\\Routing\\Router->Illuminate\\Routing\\{closure}()
#8 C:\\Users\\Fabio\\Documents\\Projetos\\DevStart_paylivre\\a_projetos-final\\beacademy-devstart-crud_tax_br\\beacademy-devstart-crud_tax_br\\vendor\\laravel\\framework\\src\\Illuminate\\Routing\\Middleware\\SubstituteBindings.php(50): Illuminate\\Pipeline\\Pipeline->Illuminate\\Pipeline\\{closure}()
#9 C:\\Users\\Fabio\\Documents\\Projetos\\DevStart_paylivre\\a_projetos-final\\beacademy-devstart-crud_tax_br\\beacademy-devstart-crud_tax_br\\vendor\\laravel\\framework\\src\\Illuminate\\Pipeline\\Pipeline.php(180): Illuminate\\Routing\\Middleware\\SubstituteBindings->handle()
#10 C:\\Users\\Fabio\\Documents\\Projetos\\DevStart_paylivre\\a_projetos-final\\beacademy-devstart-crud_tax_br\\beacademy-devstart-crud_tax_br\\vendor\\laravel\\framework\\src\\Illuminate\\Foundation\\Http\\Middleware\\VerifyCsrfToken.php(78): Illuminate\\Pipeline\\Pipeline->Illuminate\\Pipeline\\{closure}()
#11 C:\\Users\\Fabio\\Documents\\Projetos\\DevStart_paylivre\\a_projetos-final\\beacademy-devstart-crud_tax_br\\beacademy-devstart-crud_tax_br\\vendor\\laravel\\framework\\src\\Illuminate\\Pipeline\\Pipeline.php(180): Illuminate\\Foundation\\Http\\Middleware\\VerifyCsrfToken->handle()
#12 C:\\Users\\Fabio\\Documents\\Projetos\\DevStart_paylivre\\a_projetos-final\\beacademy-devstart-crud_tax_br\\beacademy-devstart-crud_tax_br\\vendor\\laravel\\framework\\src\\Illuminate\\View\\Middleware\\ShareErrorsFromSession.php(49): Illuminate\\Pipeline\\Pipeline->Illuminate\\Pipeline\\{closure}()
#13 C:\\Users\\Fabio\\Documents\\Projetos\\DevStart_paylivre\\a_projetos-final\\beacademy-devstart-crud_tax_br\\beacademy-devstart-crud_tax_br\\vendor\\laravel\\framework\\src\\Illuminate\\Pipeline\\Pipeline.php(180): Illuminate\\View\\Middleware\\ShareErrorsFromSession->handle()
#14 C:\\Users\\Fabio\\Documents\\Projetos\\DevStart_paylivre\\a_projetos-final\\beacademy-devstart-crud_tax_br\\beacademy-devstart-crud_tax_br\\vendor\\laravel\\framework\\src\\Illuminate\\Session\\Middleware\\StartSession.php(121): Illuminate\\Pipeline\\Pipeline->Illuminate\\Pipeline\\{closure}()
#15 C:\\Users\\Fabio\\Documents\\Projetos\\DevStart_paylivre\\a_projetos-final\\beacademy-devstart-crud_tax_br\\beacademy-devstart-crud_tax_br\\vendor\\laravel\\framework\\src\\Illuminate\\Session\\Middleware\\StartSession.php(64): Illuminate\\Session\\Middleware\\StartSession->handleStatefulRequest()
#16 C:\\Users\\Fabio\\Documents\\Projetos\\DevStart_paylivre\\a_projetos-final\\beacademy-devstart-crud_tax_br\\beacademy-devstart-crud_tax_br\\vendor\\laravel\\framework\\src\\Illuminate\\Pipeline\\Pipeline.php(180): Illuminate\\Session\\Middleware\\StartSession->handle()
#17 C:\\Users\\Fabio\\Documents\\Projetos\\DevStart_paylivre\\a_projetos-final\\beacademy-devstart-crud_tax_br\\beacademy-devstart-crud_tax_br\\vendor\\laravel\\framework\\src\\Illuminate\\Cookie\\Middleware\\AddQueuedCookiesToResponse.php(37): Illuminate\\Pipeline\\Pipeline->Illuminate\\Pipeline\\{closure}()
#18 C:\\Users\\Fabio\\Documents\\Projetos\\DevStart_paylivre\\a_projetos-final\\beacademy-devstart-crud_tax_br\\beacademy-devstart-crud_tax_br\\vendor\\laravel\\framework\\src\\Illuminate\\Pipeline\\Pipeline.php(180): Illuminate\\Cookie\\Middleware\\AddQueuedCookiesToResponse->handle()
#19 C:\\Users\\Fabio\\Documents\\Projetos\\DevStart_paylivre\\a_projetos-final\\beacademy-devstart-crud_tax_br\\beacademy-devstart-crud_tax_br\\vendor\\laravel\\framework\\src\\Illuminate\\Cookie\\Middleware\\EncryptCookies.php(67): Illuminate\\Pipeline\\Pipeline->Illuminate\\Pipeline\\{closure}()
#20 C:\\Users\\Fabio\\Documents\\Projetos\\DevStart_paylivre\\a_projetos-final\\beacademy-devstart-crud_tax_br\\beacademy-devstart-crud_tax_br\\vendor\\laravel\\framework\\src\\Illuminate\\Pipeline\\Pipeline.php(180): Illuminate\\Cookie\\Middleware\\EncryptCookies->handle()
#21 C:\\Users\\Fabio\\Documents\\Projetos\\DevStart_paylivre\\a_projetos-final\\beacademy-devstart-crud_tax_br\\beacademy-devstart-crud_tax_br\\vendor\\laravel\\framework\\src\\Illuminate\\Pipeline\\Pipeline.php(116): Illuminate\\Pipeline\\Pipeline->Illuminate\\Pipeline\\{closure}()
#22 C:\\Users\\Fabio\\Documents\\Projetos\\DevStart_paylivre\\a_projetos-final\\beacademy-devstart-crud_tax_br\\beacademy-devstart-crud_tax_br\\vendor\\laravel\\framework\\src\\Illuminate\\Routing\\Router.php(726): Illuminate\\Pipeline\\Pipeline->then()
#23 C:\\Users\\Fabio\\Documents\\Projetos\\DevStart_paylivre\\a_projetos-final\\beacademy-devstart-crud_tax_br\\beacademy-devstart-crud_tax_br\\vendor\\laravel\\framework\\src\\Illuminate\\Routing\\Router.php(703): Illuminate\\Routing\\Router->runRouteWithinStack()
#24 C:\\Users\\Fabio\\Documents\\Projetos\\DevStart_paylivre\\a_projetos-final\\beacademy-devstart-crud_tax_br\\beacademy-devstart-crud_tax_br\\vendor\\laravel\\framework\\src\\Illuminate\\Routing\\Router.php(667): Illuminate\\Routing\\Router->runRoute()
#25 C:\\Users\\Fabio\\Documents\\Projetos\\DevStart_paylivre\\a_projetos-final\\beacademy-devstart-crud_tax_br\\beacademy-devstart-crud_tax_br\\vendor\\laravel\\framework\\src\\Illuminate\\Routing\\Router.php(656): Illuminate\\Routing\\Router->dispatchToRoute()
#26 C:\\Users\\Fabio\\Documents\\Projetos\\DevStart_paylivre\\a_projetos-final\\beacademy-devstart-crud_tax_br\\beacademy-devstart-crud_tax_br\\vendor\\laravel\\framework\\src\\Illuminate\\Foundation\\Http\\Kernel.php(167): Illuminate\\Routing\\Router->dispatch()
#27 C:\\Users\\Fabio\\Documents\\Projetos\\DevStart_paylivre\\a_projetos-final\\beacademy-devstart-crud_tax_br\\beacademy-devstart-crud_tax_br\\vendor\\laravel\\framework\\src\\Illuminate\\Pipeline\\Pipeline.php(141): Illuminate\\Foundation\\Http\\Kernel->Illuminate\\Foundation\\Http\\{closure}()
#28 C:\\Users\\Fabio\\Documents\\Projetos\\DevStart_paylivre\\a_projetos-final\\beacademy-devstart-crud_tax_br\\beacademy-devstart-crud_tax_br\\vendor\\laravel\\framework\\src\\Illuminate\\Foundation\\Http\\Middleware\\TransformsRequest.php(21): Illuminate\\Pipeline\\Pipeline->Illuminate\\Pipeline\\{closure}()
#29 C:\\Users\\Fabio\\Documents\\Projetos\\DevStart_paylivre\\a_projetos-final\\beacademy-devstart-crud_tax_br\\beacademy-devstart-crud_tax_br\\vendor\\laravel\\framework\\src\\Illuminate\\Foundation\\Http\\Middleware\\ConvertEmptyStringsToNull.php(31): Illuminate\\Foundation\\Http\\Middleware\\TransformsRequest->handle()
#30 C:\\Users\\Fabio\\Documents\\Projetos\\DevStart_paylivre\\a_projetos-final\\beacademy-devstart-crud_tax_br\\beacademy-devstart-crud_tax_br\\vendor\\laravel\\framework\\src\\Illuminate\\Pipeline\\Pipeline.php(180): Illuminate\\Foundation\\Http\\Middleware\\ConvertEmptyStringsToNull->handle()
#31 C:\\Users\\Fabio\\Documents\\Projetos\\DevStart_paylivre\\a_projetos-final\\beacademy-devstart-crud_tax_br\\beacademy-devstart-crud_tax_br\\vendor\\laravel\\framework\\src\\Illuminate\\Foundation\\Http\\Middleware\\TransformsRequest.php(21): Illuminate\\Pipeline\\Pipeline->Illuminate\\Pipeline\\{closure}()
#32 C:\\Users\\Fabio\\Documents\\Projetos\\DevStart_paylivre\\a_projetos-final\\beacademy-devstart-crud_tax_br\\beacademy-devstart-crud_tax_br\\vendor\\laravel\\framework\\src\\Illuminate\\Foundation\\Http\\Middleware\\TrimStrings.php(40): Illuminate\\Foundation\\Http\\Middleware\\TransformsRequest->handle()
#33 C:\\Users\\Fabio\\Documents\\Projetos\\DevStart_paylivre\\a_projetos-final\\beacademy-devstart-crud_tax_br\\beacademy-devstart-crud_tax_br\\vendor\\laravel\\framework\\src\\Illuminate\\Pipeline\\Pipeline.php(180): Illuminate\\Foundation\\Http\\Middleware\\TrimStrings->handle()
#34 C:\\Users\\Fabio\\Documents\\Projetos\\DevStart_paylivre\\a_projetos-final\\beacademy-devstart-crud_tax_br\\beacademy-devstart-crud_tax_br\\vendor\\laravel\\framework\\src\\Illuminate\\Foundation\\Http\\Middleware\\ValidatePostSize.php(27): Illuminate\\Pipeline\\Pipeline->Illuminate\\Pipeline\\{closure}()
#35 C:\\Users\\Fabio\\Documents\\Projetos\\DevStart_paylivre\\a_projetos-final\\beacademy-devstart-crud_tax_br\\beacademy-devstart-crud_tax_br\\vendor\\laravel\\framework\\src\\Illuminate\\Pipeline\\Pipeline.php(180): Illuminate\\Foundation\\Http\\Middleware\\ValidatePostSize->handle()
#36 C:\\Users\\Fabio\\Documents\\Projetos\\DevStart_paylivre\\a_projetos-final\\beacademy-devstart-crud_tax_br\\beacademy-devstart-crud_tax_br\\vendor\\laravel\\framework\\src\\Illuminate\\Foundation\\Http\\Middleware\\PreventRequestsDuringMaintenance.php(86): Illuminate\\Pipeline\\Pipeline->Illuminate\\Pipeline\\{closure}()
#37 C:\\Users\\Fabio\\Documents\\Projetos\\DevStart_paylivre\\a_projetos-final\\beacademy-devstart-crud_tax_br\\beacademy-devstart-crud_tax_br\\vendor\\laravel\\framework\\src\\Illuminate\\Pipeline\\Pipeline.php(180): Illuminate\\Foundation\\Http\\Middleware\\PreventRequestsDuringMaintenance->handle()
#38 C:\\Users\\Fabio\\Documents\\Projetos\\DevStart_paylivre\\a_projetos-final\\beacademy-devstart-crud_tax_br\\beacademy-devstart-crud_tax_br\\vendor\\laravel\\framework\\src\\Illuminate\\Http\\Middleware\\HandleCors.php(49): Illuminate\\Pipeline\\Pipeline->Illuminate\\Pipeline\\{closure}()
#39 C:\\Users\\Fabio\\Documents\\Projetos\\DevStart_paylivre\\a_projetos-final\\beacademy-devstart-crud_tax_br\\beacademy-devstart-crud_tax_br\\vendor\\laravel\\framework\\src\\Illuminate\\Pipeline\\Pipeline.php(180): Illuminate\\Http\\Middleware\\HandleCors->handle()
#40 C:\\Users\\Fabio\\Documents\\Projetos\\DevStart_paylivre\\a_projetos-final\\beacademy-devstart-crud_tax_br\\beacademy-devstart-crud_tax_br\\vendor\\laravel\\framework\\src\\Illuminate\\Http\\Middleware\\TrustProxies.php(39): Illuminate\\Pipeline\\Pipeline->Illuminate\\Pipeline\\{closure}()
#41 C:\\Users\\Fabio\\Documents\\Projetos\\DevStart_paylivre\\a_projetos-final\\beacademy-devstart-crud_tax_br\\beacademy-devstart-crud_tax_br\\vendor\\laravel\\framework\\src\\Illuminate\\Pipeline\\Pipeline.php(180): Illuminate\\Http\\Middleware\\TrustProxies->handle()
#42 C:\\Users\\Fabio\\Documents\\Projetos\\DevStart_paylivre\\a_projetos-final\\beacademy-devstart-crud_tax_br\\beacademy-devstart-crud_tax_br\\vendor\\laravel\\framework\\src\\Illuminate\\Pipeline\\Pipeline.php(116): Illuminate\\Pipeline\\Pipeline->Illuminate\\Pipeline\\{closure}()
#43 C:\\Users\\Fabio\\Documents\\Projetos\\DevStart_paylivre\\a_projetos-final\\beacademy-devstart-crud_tax_br\\beacademy-devstart-crud_tax_br\\vendor\\laravel\\framework\\src\\Illuminate\\Foundation\\Http\\Kernel.php(142): Illuminate\\Pipeline\\Pipeline->then()
#44 C:\\Users\\Fabio\\Documents\\Projetos\\DevStart_paylivre\\a_projetos-final\\beacademy-devstart-crud_tax_br\\beacademy-devstart-crud_tax_br\\vendor\\laravel\\framework\\src\\Illuminate\\Foundation\\Http\\Kernel.php(111): Illuminate\\Foundation\\Http\\Kernel->sendRequestThroughRouter()
#45 C:\\Users\\Fabio\\Documents\\Projetos\\DevStart_paylivre\\a_projetos-final\\beacademy-devstart-crud_tax_br\\beacademy-devstart-crud_tax_br\\public\\index.php(52): Illuminate\\Foundation\\Http\\Kernel->handle()
#46 C:\\Users\\Fabio\\Documents\\Projetos\\DevStart_paylivre\\a_projetos-final\\beacademy-devstart-crud_tax_br\\beacademy-devstart-crud_tax_br\\vendor\\laravel\\framework\\src\\Illuminate\\Foundation\\resources\\server.php(16): require_once('...')
#47 {main}
"} 
[2022-08-05 16:38:19] testing.ERROR: file_put_contents(C:\Users\Fabio\Documents\Projetos\DevStart_paylivre\a_projetos-final\beacademy-devstart-crud_tax_br\tax_br\storage\framework/sessions/hAMxdZLnnNnxVqTErxYZskEhCirGpav7WUlQwSgE): Failed to open stream: No such file or directory {"exception":"[object] (ErrorException(code: 0): file_put_contents(C:\\Users\\Fabio\\Documents\\Projetos\\DevStart_paylivre\\a_projetos-final\\beacademy-devstart-crud_tax_br\\tax_br\\storage\\framework/sessions/hAMxdZLnnNnxVqTErxYZskEhCirGpav7WUlQwSgE): Failed to open stream: No such file or directory at C:\\Users\\Fabio\\Documents\\Projetos\\DevStart_paylivre\\a_projetos-final\\beacademy-devstart-crud_tax_br\\beacademy-devstart-crud_tax_br\\vendor\\laravel\\framework\\src\\Illuminate\\Filesystem\\Filesystem.php:190)
[stacktrace]
#0 C:\\Users\\Fabio\\Documents\\Projetos\\DevStart_paylivre\\a_projetos-final\\beacademy-devstart-crud_tax_br\\beacademy-devstart-crud_tax_br\\vendor\\laravel\\framework\\src\\Illuminate\\Foundation\\Bootstrap\\HandleExceptions.php(257): Illuminate\\Foundation\\Bootstrap\\HandleExceptions->handleError()
#1 [internal function]: Illuminate\\Foundation\\Bootstrap\\HandleExceptions->Illuminate\\Foundation\\Bootstrap\\{closure}()
#2 C:\\Users\\Fabio\\Documents\\Projetos\\DevStart_paylivre\\a_projetos-final\\beacademy-devstart-crud_tax_br\\beacademy-devstart-crud_tax_br\\vendor\\laravel\\framework\\src\\Illuminate\\Filesystem\\Filesystem.php(190): file_put_contents()
#3 C:\\Users\\Fabio\\Documents\\Projetos\\DevStart_paylivre\\a_projetos-final\\beacademy-devstart-crud_tax_br\\beacademy-devstart-crud_tax_br\\vendor\\laravel\\framework\\src\\Illuminate\\Session\\FileSessionHandler.php(90): Illuminate\\Filesystem\\Filesystem->put()
#4 C:\\Users\\Fabio\\Documents\\Projetos\\DevStart_paylivre\\a_projetos-final\\beacademy-devstart-crud_tax_br\\beacademy-devstart-crud_tax_br\\vendor\\laravel\\framework\\src\\Illuminate\\Session\\Store.php(170): Illuminate\\Session\\FileSessionHandler->write()
#5 C:\\Users\\Fabio\\Documents\\Projetos\\DevStart_paylivre\\a_projetos-final\\beacademy-devstart-crud_tax_br\\beacademy-devstart-crud_tax_br\\vendor\\laravel\\framework\\src\\Illuminate\\Session\\Middleware\\StartSession.php(236): Illuminate\\Session\\Store->save()
#6 C:\\Users\\Fabio\\Documents\\Projetos\\DevStart_paylivre\\a_projetos-final\\beacademy-devstart-crud_tax_br\\beacademy-devstart-crud_tax_br\\vendor\\laravel\\framework\\src\\Illuminate\\Session\\Middleware\\StartSession.php(130): Illuminate\\Session\\Middleware\\StartSession->saveSession()
#7 C:\\Users\\Fabio\\Documents\\Projetos\\DevStart_paylivre\\a_projetos-final\\beacademy-devstart-crud_tax_br\\beacademy-devstart-crud_tax_br\\vendor\\laravel\\framework\\src\\Illuminate\\Session\\Middleware\\StartSession.php(64): Illuminate\\Session\\Middleware\\StartSession->handleStatefulRequest()
#8 C:\\Users\\Fabio\\Documents\\Projetos\\DevStart_paylivre\\a_projetos-final\\beacademy-devstart-crud_tax_br\\beacademy-devstart-crud_tax_br\\vendor\\laravel\\framework\\src\\Illuminate\\Pipeline\\Pipeline.php(180): Illuminate\\Session\\Middleware\\StartSession->handle()
#9 C:\\Users\\Fabio\\Documents\\Projetos\\DevStart_paylivre\\a_projetos-final\\beacademy-devstart-crud_tax_br\\beacademy-devstart-crud_tax_br\\vendor\\laravel\\framework\\src\\Illuminate\\Cookie\\Middleware\\AddQueuedCookiesToResponse.php(37): Illuminate\\Pipeline\\Pipeline->Illuminate\\Pipeline\\{closure}()
#10 C:\\Users\\Fabio\\Documents\\Projetos\\DevStart_paylivre\\a_projetos-final\\beacademy-devstart-crud_tax_br\\beacademy-devstart-crud_tax_br\\vendor\\laravel\\framework\\src\\Illuminate\\Pipeline\\Pipeline.php(180): Illuminate\\Cookie\\Middleware\\AddQueuedCookiesToResponse->handle()
#11 C:\\Users\\Fabio\\Documents\\Projetos\\DevStart_paylivre\\a_projetos-final\\beacademy-devstart-crud_tax_br\\beacademy-devstart-crud_tax_br\\vendor\\laravel\\framework\\src\\Illuminate\\Cookie\\Middleware\\EncryptCookies.php(67): Illuminate\\Pipeline\\Pipeline->Illuminate\\Pipeline\\{closure}()
#12 C:\\Users\\Fabio\\Documents\\Projetos\\DevStart_paylivre\\a_projetos-final\\beacademy-devstart-crud_tax_br\\beacademy-devstart-crud_tax_br\\vendor\\laravel\\framework\\src\\Illuminate\\Pipeline\\Pipeline.php(180): Illuminate\\Cookie\\Middleware\\EncryptCookies->handle()
#13 C:\\Users\\Fabio\\Documents\\Projetos\\DevStart_paylivre\\a_projetos-final\\beacademy-devstart-crud_tax_br\\beacademy-devstart-crud_tax_br\\vendor\\laravel\\framework\\src\\Illuminate\\Pipeline\\Pipeline.php(116): Illuminate\\Pipeline\\Pipeline->Illuminate\\Pipeline\\{closure}()
#14 C:\\Users\\Fabio\\Documents\\Projetos\\DevStart_paylivre\\a_projetos-final\\beacademy-devstart-crud_tax_br\\beacademy-devstart-crud_tax_br\\vendor\\laravel\\framework\\src\\Illuminate\\Routing\\Router.php(726): Illuminate\\Pipeline\\Pipeline->then()
#15 C:\\Users\\Fabio\\Documents\\Projetos\\DevStart_paylivre\\a_projetos-final\\beacademy-devstart-crud_tax_br\\beacademy-devstart-crud_tax_br\\vendor\\laravel\\framework\\src\\Illuminate\\Routing\\Router.php(703): Illuminate\\Routing\\Router->runRouteWithinStack()
#16 C:\\Users\\Fabio\\Documents\\Projetos\\DevStart_paylivre\\a_projetos-final\\beacademy-devstart-crud_tax_br\\beacademy-devstart-crud_tax_br\\vendor\\laravel\\framework\\src\\Illuminate\\Routing\\Router.php(667): Illuminate\\Routing\\Router->runRoute()
#17 C:\\Users\\Fabio\\Documents\\Projetos\\DevStart_paylivre\\a_projetos-final\\beacademy-devstart-crud_tax_br\\beacademy-devstart-crud_tax_br\\vendor\\laravel\\framework\\src\\Illuminate\\Routing\\Router.php(656): Illuminate\\Routing\\Router->dispatchToRoute()
#18 C:\\Users\\Fabio\\Documents\\Projetos\\DevStart_paylivre\\a_projetos-final\\beacademy-devstart-crud_tax_br\\beacademy-devstart-crud_tax_br\\vendor\\laravel\\framework\\src\\Illuminate\\Foundation\\Http\\Kernel.php(167): Illuminate\\Routing\\Router->dispatch()
#19 C:\\Users\\Fabio\\Documents\\Projetos\\DevStart_paylivre\\a_projetos-final\\beacademy-devstart-crud_tax_br\\beacademy-devstart-crud_tax_br\\vendor\\laravel\\framework\\src\\Illuminate\\Pipeline\\Pipeline.php(141): Illuminate\\Foundation\\Http\\Kernel->Illuminate\\Foundation\\Http\\{closure}()
#20 C:\\Users\\Fabio\\Documents\\Projetos\\DevStart_paylivre\\a_projetos-final\\beacademy-devstart-crud_tax_br\\beacademy-devstart-crud_tax_br\\vendor\\laravel\\framework\\src\\Illuminate\\Foundation\\Http\\Middleware\\TransformsRequest.php(21): Illuminate\\Pipeline\\Pipeline->Illuminate\\Pipeline\\{closure}()
#21 C:\\Users\\Fabio\\Documents\\Projetos\\DevStart_paylivre\\a_projetos-final\\beacademy-devstart-crud_tax_br\\beacademy-devstart-crud_tax_br\\vendor\\laravel\\framework\\src\\Illuminate\\Foundation\\Http\\Middleware\\ConvertEmptyStringsToNull.php(31): Illuminate\\Foundation\\Http\\Middleware\\TransformsRequest->handle()
#22 C:\\Users\\Fabio\\Documents\\Projetos\\DevStart_paylivre\\a_projetos-final\\beacademy-devstart-crud_tax_br\\beacademy-devstart-crud_tax_br\\vendor\\laravel\\framework\\src\\Illuminate\\Pipeline\\Pipeline.php(180): Illuminate\\Foundation\\Http\\Middleware\\ConvertEmptyStringsToNull->handle()
#23 C:\\Users\\Fabio\\Documents\\Projetos\\DevStart_paylivre\\a_projetos-final\\beacademy-devstart-crud_tax_br\\beacademy-devstart-crud_tax_br\\vendor\\laravel\\framework\\src\\Illuminate\\Foundation\\Http\\Middleware\\TransformsRequest.php(21): Illuminate\\Pipeline\\Pipeline->Illuminate\\Pipeline\\{closure}()
#24 C:\\Users\\Fabio\\Documents\\Projetos\\DevStart_paylivre\\a_projetos-final\\beacademy-devstart-crud_tax_br\\beacademy-devstart-crud_tax_br\\vendor\\laravel\\framework\\src\\Illuminate\\Foundation\\Http\\Middleware\\TrimStrings.php(40): Illuminate\\Foundation\\Http\\Middleware\\TransformsRequest->handle()
#25 C:\\Users\\Fabio\\Documents\\Projetos\\DevStart_paylivre\\a_projetos-final\\beacademy-devstart-crud_tax_br\\beacademy-devstart-crud_tax_br\\vendor\\laravel\\framework\\src\\Illuminate\\Pipeline\\Pipeline.php(180): Illuminate\\Foundation\\Http\\Middleware\\TrimStrings->handle()
#26 C:\\Users\\Fabio\\Documents\\Projetos\\DevStart_paylivre\\a_projetos-final\\beacademy-devstart-crud_tax_br\\beacademy-devstart-crud_tax_br\\vendor\\laravel\\framework\\src\\Illuminate\\Foundation\\Http\\Middleware\\ValidatePostSize.php(27): Illuminate\\Pipeline\\Pipeline->Illuminate\\Pipeline\\{closure}()
#27 C:\\Users\\Fabio\\Documents\\Projetos\\DevStart_paylivre\\a_projetos-final\\beacademy-devstart-crud_tax_br\\beacademy-devstart-crud_tax_br\\vendor\\laravel\\framework\\src\\Illuminate\\Pipeline\\Pipeline.php(180): Illuminate\\Foundation\\Http\\Middleware\\ValidatePostSize->handle()
#28 C:\\Users\\Fabio\\Documents\\Projetos\\DevStart_paylivre\\a_projetos-final\\beacademy-devstart-crud_tax_br\\beacademy-devstart-crud_tax_br\\vendor\\laravel\\framework\\src\\Illuminate\\Foundation\\Http\\Middleware\\PreventRequestsDuringMaintenance.php(86): Illuminate\\Pipeline\\Pipeline->Illuminate\\Pipeline\\{closure}()
#29 C:\\Users\\Fabio\\Documents\\Projetos\\DevStart_paylivre\\a_projetos-final\\beacademy-devstart-crud_tax_br\\beacademy-devstart-crud_tax_br\\vendor\\laravel\\framework\\src\\Illuminate\\Pipeline\\Pipeline.php(180): Illuminate\\Foundation\\Http\\Middleware\\PreventRequestsDuringMaintenance->handle()
#30 C:\\Users\\Fabio\\Documents\\Projetos\\DevStart_paylivre\\a_projetos-final\\beacademy-devstart-crud_tax_br\\beacademy-devstart-crud_tax_br\\vendor\\laravel\\framework\\src\\Illuminate\\Http\\Middleware\\HandleCors.php(49): Illuminate\\Pipeline\\Pipeline->Illuminate\\Pipeline\\{closure}()
#31 C:\\Users\\Fabio\\Documents\\Projetos\\DevStart_paylivre\\a_projetos-final\\beacademy-devstart-crud_tax_br\\beacademy-devstart-crud_tax_br\\vendor\\laravel\\framework\\src\\Illuminate\\Pipeline\\Pipeline.php(180): Illuminate\\Http\\Middleware\\HandleCors->handle()
#32 C:\\Users\\Fabio\\Documents\\Projetos\\DevStart_paylivre\\a_projetos-final\\beacademy-devstart-crud_tax_br\\beacademy-devstart-crud_tax_br\\vendor\\laravel\\framework\\src\\Illuminate\\Http\\Middleware\\TrustProxies.php(39): Illuminate\\Pipeline\\Pipeline->Illuminate\\Pipeline\\{closure}()
#33 C:\\Users\\Fabio\\Documents\\Projetos\\DevStart_paylivre\\a_projetos-final\\beacademy-devstart-crud_tax_br\\beacademy-devstart-crud_tax_br\\vendor\\laravel\\framework\\src\\Illuminate\\Pipeline\\Pipeline.php(180): Illuminate\\Http\\Middleware\\TrustProxies->handle()
#34 C:\\Users\\Fabio\\Documents\\Projetos\\DevStart_paylivre\\a_projetos-final\\beacademy-devstart-crud_tax_br\\beacademy-devstart-crud_tax_br\\vendor\\laravel\\framework\\src\\Illuminate\\Pipeline\\Pipeline.php(116): Illuminate\\Pipeline\\Pipeline->Illuminate\\Pipeline\\{closure}()
#35 C:\\Users\\Fabio\\Documents\\Projetos\\DevStart_paylivre\\a_projetos-final\\beacademy-devstart-crud_tax_br\\beacademy-devstart-crud_tax_br\\vendor\\laravel\\framework\\src\\Illuminate\\Foundation\\Http\\Kernel.php(142): Illuminate\\Pipeline\\Pipeline->then()
#36 C:\\Users\\Fabio\\Documents\\Projetos\\DevStart_paylivre\\a_projetos-final\\beacademy-devstart-crud_tax_br\\beacademy-devstart-crud_tax_br\\vendor\\laravel\\framework\\src\\Illuminate\\Foundation\\Http\\Kernel.php(111): Illuminate\\Foundation\\Http\\Kernel->sendRequestThroughRouter()
#37 C:\\Users\\Fabio\\Documents\\Projetos\\DevStart_paylivre\\a_projetos-final\\beacademy-devstart-crud_tax_br\\beacademy-devstart-crud_tax_br\\public\\index.php(52): Illuminate\\Foundation\\Http\\Kernel->handle()
#38 C:\\Users\\Fabio\\Documents\\Projetos\\DevStart_paylivre\\a_projetos-final\\beacademy-devstart-crud_tax_br\\beacademy-devstart-crud_tax_br\\vendor\\laravel\\framework\\src\\Illuminate\\Foundation\\resources\\server.php(16): require_once('...')
#39 {main}
"} 
